-2.736318437415095062e-01
-3.449708115298221744e-01
-1.206412953239052177e-01
-3.012924641605069231e-01
-1.486388744235166148e-01
-3.405621073570985063e-02
-6.246140332181298049e-01
-1.048546621600969647e-01
-3.353932619642246427e-01
-1.000000000000000000e+01
-1.000000000000000000e+01
-1.000000000000000000e+01
-1.000000000000000000e+01
-7.071457791541979621e-01
-1.000000000000000000e+01
-1.000000000000000000e+01
-6.617479933044588591e+00
-2.913206690561137790e+00
-1.000000000000000000e+01
-1.000000000000000000e+01
-1.000000000000000000e+01
-1.000000000000000000e+01
-1.000000000000000000e+01
-1.000000000000000000e+01
-1.000000000000000000e+01
-1.000000000000000000e+01
-1.000000000000000000e+01
-2.845456812610210218e+00
-1.000000000000000000e+01
-1.000000000000000000e+01
-1.118794865120841031e+00
-1.000000000000000000e+01
-9.056350813692302992e+00
-1.000000000000000000e+01
-1.000000000000000000e+01
-9.004042011504407306e-01
-2.277740012907061018e-01
-1.000000000000000000e+01
-1.000000000000000000e+01
-1.000000000000000000e+01
1.000000000000000000e+01
1.000000000000000000e+01
1.000000000000000000e+01
9.460237658068550104e+00
1.000000000000000000e+01
1.000000000000000000e+01
1.000000000000000000e+01
1.000000000000000000e+01
1.000000000000000000e+01
1.000000000000000000e+01
1.000000000000000000e+01
1.000000000000000000e+01
1.000000000000000000e+01
1.000000000000000000e+01
1.000000000000000000e+01
4.823561098605556041e-01
1.000000000000000000e+01
1.000000000000000000e+01
1.000000000000000000e+01
1.984533398309035468e-01
1.889418307607709097e-02
9.634737575425373138e-03
1.372745036239945374e-03
1.665153343862702529e-01
1.935088826899969763e-02
1.511925180044140608e-02
9.106515602994624814e-02
4.023998089453243408e-03
3.780335508703543818e-03
1.167948656911953209e-01
1.012507116957701570e-01
1.903749125163534672e-01
3.079696893809559521e-02
9.561431245810877305e-03
1.124064641033988843e-01
5.255220099203480183e-02
2.375902593959799275e-02
1.150502298244599278e-02
3.535922347218498074e-02
5.714937866031168795e-02
1.313989971578349153e-02
9.343968667809711415e-02
1.435893804427135767e-01
2.174403789387825137e-01
3.760223582052344554e-02
5.469822655684126317e-02
1.740655588373861418e-02
2.104198819297377690e-02
5.796557339742704901e-02
1.269479903314360602e-03
3.120397192372238379e-03
2.505872902696468577e-02
1.947843704406830856e-01
1.979765629384652986e-03
1.367331259280967848e-03
4.614458354238981999e-03
1.672657688569811618e-01
1.276133204014726075e-01
2.335241865490506052e-01
4.816285374659570739e-02
1.520745871386728898e-01
9.225601849205769533e-02
2.168552847585078752e-03
8.718877525085901026e-02
1.915643043379599772e-02
2.008993125725944823e-02
2.279500876450254662e-02
7.876663067449807265e-02
1.945405574786897573e-01
1.000000000000000000e+01
1.000000000000000000e+01
1.000000000000000000e+01
3.064444087305089881e-01
3.219094612723734650e-01
3.903494346137993953e-01
3.946383346241046364e-01
1.000000000000000000e+01
1.000000000000000000e+01
1.000000000000000000e+01
6.440484086642276118e+00
4.043407390143642033e+00
3.226096221837368438e-01
3.203878617960123631e-01
3.915172940033326832e-01
3.965236367781567739e-01
