-9.999333333333333407e-01 -6.000000000000000888e-01
-9.999333333333333407e-01 -5.428571428571428159e-01
-9.999333333333333407e-01 -8.571428571428571508e-02
-9.999333333333333407e-01 -2.857142857142855666e-02
-9.999333333333333407e-01 2.857142857142855666e-02
-9.999333333333333407e-01 8.571428571428571508e-02
-9.999333333333333407e-01 6.000000000000000888e-01
-9.999333333333333407e-01 6.571428571428571397e-01
-1.303971014492751879e-01 -8.285714285714286254e-01
-1.303971014492751879e-01 -7.714285714285714635e-01
-1.303971014492751879e-01 -7.142857142857143016e-01
-1.303971014492751879e-01 1.999999999999999556e-01
-1.303971014492749658e-01 2.571428571428571175e-01
-1.303971014492751879e-01 3.142857142857142794e-01
-4.344347826086936148e-02 -1.000000000000000000e+00
-4.344347826086936148e-02 -5.428571428571428159e-01
-4.344347826086936148e-02 -4.857142857142857095e-01
-4.344347826086925046e-02 -2.857142857142855319e-02
-4.344347826086925046e-02 2.857142857142855666e-02
-4.344347826086936148e-02 4.857142857142857095e-01
-4.344347826086936148e-02 1.000000000000000000e+00
4.351014492753613183e-02 -3.714285714285714413e-01
4.351014492753635388e-02 -3.142857142857142794e-01
4.351014492753635388e-02 -2.000000000000000111e-01
4.351014492753635388e-02 -1.428571428571428492e-01
4.351014492753635388e-02 5.999999999999999778e-01
4.351014492753613183e-02 6.571428571428571397e-01
4.351014492753635388e-02 7.714285714285714635e-01
4.351014492753635388e-02 8.285714285714286254e-01
4.351014492753613183e-02 8.857142857142856762e-01
-9.999333333333333407e-01 -1.285714285714285587e+00
-4.344347826086936148e-02 -1.000000000000000000e+00
4.351014492753635388e-02 -1.228571428571428648e+00
4.351014492753635388e-02 -1.171428571428571264e+00
4.351014492753613183e-02 -1.114285714285714324e+00
-9.999333333333333407e-01 1.285714285714285587e+00
-1.303971014492751879e-01 1.171428571428571264e+00
-1.303971014492751879e-01 1.228571428571428648e+00
-1.303971014492751879e-01 1.285714285714285587e+00
-4.344347826086936148e-02 1.000000000000000000e+00
-4.344347826086936148e-02 -9.428571428571428381e-01
-4.344347826086958353e-02 -8.857142857142856762e-01
-4.344347826086958353e-02 -8.285714285714286254e-01
-4.344347826086936148e-02 -6.571428571428571397e-01
-4.344347826086958353e-02 -6.000000000000000888e-01
-4.344347826086958353e-02 8.571428571428571508e-02
-4.344347826086936148e-02 1.428571428571428492e-01
-4.344347826086958353e-02 3.714285714285714413e-01
-4.344347826086958353e-02 4.285714285714285476e-01
4.351014492753613183e-02 -4.857142857142857095e-01
4.351014492753613183e-02 -4.285714285714285476e-01
4.351014492753613183e-02 -8.571428571428571508e-02
4.351014492753635388e-02 -2.857142857142855666e-02
4.351014492753635388e-02 5.428571428571428159e-01
4.351014492753635388e-02 9.428571428571428381e-01
1.304637681159419582e-01 -3.142857142857142239e-01
1.304637681159424023e-01 -2.571428571428571175e-01
1.304637681159421803e-01 7.142857142857143016e-01
1.304637681159424023e-01 7.714285714285714635e-01
1.400000000000000355e+00 -6.571428571428571397e-01
1.400000000000000355e+00 -5.999999999999999778e-01
1.400000000000000799e+00 -5.428571428571428159e-01
1.399999999999999911e+00 -4.857142857142857095e-01
1.400000000000000355e+00 -1.428571428571428492e-01
1.400000000000000355e+00 8.571428571428572896e-02
1.400000000000000355e+00 1.428571428571428492e-01
1.400000000000000355e+00 2.000000000000000111e-01
1.400000000000000799e+00 2.571428571428571175e-01
1.400000000000000799e+00 5.428571428571428159e-01
1.399999999999999911e+00 5.999999999999999778e-01
1.400000000000000355e+00 6.571428571428571397e-01
2.000000000000000000e+00 -6.571428571428571397e-01
2.000000000000000444e+00 -6.000000000000000888e-01
2.000000000000000888e+00 -5.428571428571428159e-01
2.000000000000000888e+00 -1.999999999999999556e-01
2.000000000000000888e+00 -2.857142857142855319e-02
2.000000000000000888e+00 2.857142857142855319e-02
2.000000000000000444e+00 8.571428571428570120e-02
2.000000000000000888e+00 1.428571428571428492e-01
2.000000000000000888e+00 1.999999999999999556e-01
2.000000000000001332e+00 2.571428571428571175e-01
2.000000000000000444e+00 6.000000000000000888e-01
2.000000000000000444e+00 6.571428571428571397e-01
3.000000000000000000e+00 -6.571428571428571397e-01
3.000000000000000888e+00 -5.999999999999999778e-01
3.000000000000000000e+00 -4.285714285714285476e-01
3.000000000000000888e+00 -2.571428571428571175e-01
3.000000000000000888e+00 -1.999999999999999556e-01
3.000000000000000888e+00 -1.428571428571428492e-01
3.000000000000000000e+00 -8.571428571428571508e-02
3.000000000000000888e+00 -2.857142857142855666e-02
3.000000000000000888e+00 2.857142857142855666e-02
3.000000000000000000e+00 8.571428571428570120e-02
3.000000000000000888e+00 1.428571428571428492e-01
3.000000000000001776e+00 2.571428571428571175e-01
3.000000000000000888e+00 5.428571428571428159e-01
3.000000000000000888e+00 5.999999999999999778e-01
3.000000000000000000e+00 6.571428571428571397e-01
4.000000000000000000e+00 -6.571428571428571397e-01
4.000000000000000888e+00 -5.999999999999999778e-01
4.000000000000000888e+00 -1.999999999999999556e-01
4.000000000000000888e+00 2.857142857142855319e-02
4.000000000000000000e+00 8.571428571428570120e-02
4.000000000000001776e+00 1.428571428571428770e-01
4.000000000000000888e+00 1.999999999999999556e-01
4.000000000000001776e+00 2.571428571428571175e-01
4.000000000000000888e+00 4.857142857142857095e-01
4.000000000000000888e+00 5.999999999999999778e-01
4.000000000000000888e+00 6.571428571428571397e-01
4.351014492753635388e-02 -1.057142857142857162e+00
1.304637681159421803e-01 -1.285714285714285587e+00
1.304637681159424023e-01 -1.228571428571428648e+00
1.399999999999999911e+00 -1.285714285714285587e+00
2.000000000000000444e+00 -1.285714285714285587e+00
3.000000000000000000e+00 -1.285714285714285587e+00
4.000000000000000000e+00 -1.285714285714285587e+00
-4.344347826086936148e-02 1.057142857142857162e+00
-4.344347826086958353e-02 1.114285714285714324e+00
-4.344347826086958353e-02 1.171428571428571264e+00
-4.344347826086936148e-02 1.228571428571428648e+00
4.351014492753635388e-02 1.000000000000000000e+00
1.399999999999999911e+00 1.285714285714285587e+00
2.000000000000000444e+00 1.285714285714285587e+00
3.000000000000000000e+00 1.285714285714285587e+00
4.000000000000000000e+00 1.285714285714285587e+00
